08/09/2018 - 05:22:25 | INFO  | everis.com.view.ClockPrinter -> printBerlinClock() -> the time has been printed
08/09/2018 - 05:22:34 | FATAL | everis.com.controller.ClockController -> getTime() -> Invalid Minute
08/09/2018 - 05:23:24 | INFO  | everis.com.view.ClockPrinter -> printBerlinClock() -> the time has been printed
08/09/2018 - 15:33:03 | INFO  | everis.com.view.ClockPrinter -> printBerlinClock() -> the time has been printed
08/09/2018 - 15:34:05 | INFO  | everis.com.view.ClockPrinter -> printBerlinClock() -> the time has been printed
08/09/2018 - 15:46:55 | INFO  | everis.com.view.ClockPrinter -> printBerlinClock() -> the time has been printed
08/09/2018 - 15:47:09 | INFO  | everis.com.view.ClockPrinter -> printBerlinClock() -> the time has been printed
08/09/2018 - 15:59:41 | INFO  | everis.com.view.ClockPrinter -> printBerlinClock() -> the time has been printed
08/09/2018 - 16:09:10 | INFO  | everis.com.view.ClockPrinter -> printBerlinClock() -> the time has been printed
08/09/2018 - 16:10:04 | INFO  | everis.com.view.ClockPrinter -> printBerlinClock() -> the time has been printed
08/09/2018 - 16:13:42 | INFO  | everis.com.view.ClockPrinter -> printBerlinClock() -> the time has been printed
08/09/2018 - 16:16:28 | INFO  | everis.com.view.ClockPrinter -> printBerlinClock() -> the time has been printed
08/09/2018 - 16:16:59 | INFO  | everis.com.view.ClockPrinter -> printBerlinClock() -> the time has been printed
08/09/2018 - 16:20:35 | INFO  | everis.com.view.ClockPrinter -> printBerlinClock() -> the time has been printed
08/09/2018 - 16:20:44 | INFO  | everis.com.view.ClockPrinter -> printBerlinClock() -> the time has been printed
08/09/2018 - 16:38:32 | INFO  | everis.com.view.ClockPrinter -> printBerlinClock() -> the time has been printed
08/09/2018 - 16:40:33 | INFO  | everis.com.view.ClockPrinter -> printBerlinClock() -> the time has been printed
08/09/2018 - 16:43:11 | INFO  | everis.com.view.ClockPrinter -> printBerlinClock() -> the time has been printed
08/09/2018 - 16:43:44 | INFO  | everis.com.view.ClockPrinter -> printBerlinClock() -> the time has been printed
08/09/2018 - 16:44:03 | INFO  | everis.com.view.ClockPrinter -> printBerlinClock() -> the time has been printed
08/09/2018 - 16:55:34 | INFO  | everis.com.view.ClockPrinter -> printBerlinClock() -> the time has been printed
08/09/2018 - 16:56:54 | INFO  | everis.com.view.ClockPrinter -> printBerlinClock() -> the time has been printed
08/09/2018 - 16:58:16 | INFO  | everis.com.view.ClockPrinter -> printBerlinClock() -> the time has been printed
08/09/2018 - 16:58:31 | INFO  | everis.com.view.ClockPrinter -> printBerlinClock() -> the time has been printed
08/09/2018 - 16:59:35 | INFO  | everis.com.view.ClockPrinter -> printBerlinClock() -> the time has been printed
08/09/2018 - 16:59:57 | INFO  | everis.com.view.ClockPrinter -> printBerlinClock() -> the time has been printed
08/09/2018 - 17:00:10 | INFO  | everis.com.view.ClockPrinter -> printBerlinClock() -> the time has been printed
08/09/2018 - 17:00:27 | INFO  | everis.com.view.ClockPrinter -> printBerlinClock() -> the time has been printed
08/09/2018 - 17:00:42 | FATAL | everis.com.controller.ClockController -> getTime() -> Invalid Hour
08/09/2018 - 17:01:12 | INFO  | everis.com.view.ClockPrinter -> printBerlinClock() -> the time has been printed
08/09/2018 - 17:01:26 | INFO  | everis.com.view.ClockPrinter -> printBerlinClock() -> the time has been printed
08/09/2018 - 17:01:34 | INFO  | everis.com.view.ClockPrinter -> printBerlinClock() -> the time has been printed
08/09/2018 - 17:01:44 | INFO  | everis.com.view.ClockPrinter -> printBerlinClock() -> the time has been printed
08/09/2018 - 17:09:15 | INFO  | everis.com.view.ClockPrinter -> printBerlinClock() -> the time has been printed
08/09/2018 - 17:09:51 | INFO  | everis.com.view.ClockPrinter -> printBerlinClock() -> the time has been printed
08/09/2018 - 18:32:29 | INFO  | everis.com.view.ClockPrinter -> printBerlinClock() -> the time has been printed
08/09/2018 - 18:37:48 | INFO  | everis.com.view.ClockPrinter -> printBerlinClock() -> the time has been printed
08/09/2018 - 18:38:22 | INFO  | everis.com.view.ClockPrinter -> printBerlinClock() -> the time has been printed
08/09/2018 - 18:40:04 | INFO  | everis.com.view.ClockPrinter -> printBerlinClock() -> the time has been printed
09/09/2018 - 15:13:40 | INFO  | everis.com.view.ClockPrinter -> printBerlinClock() -> the time has been printed
09/09/2018 - 15:16:08 | INFO  | everis.com.view.ClockPrinter -> printBerlinClock() -> the time has been printed
09/09/2018 - 15:21:35 | INFO  | everis.com.view.ClockPrinter -> printBerlinClock() -> the time has been printed
09/09/2018 - 15:22:19 | INFO  | everis.com.view.ClockPrinter -> printBerlinClock() -> the time has been printed
09/09/2018 - 15:22:36 | INFO  | everis.com.view.ClockPrinter -> printBerlinClock() -> the time has been printed
09/09/2018 - 15:22:55 | INFO  | everis.com.view.ClockPrinter -> printBerlinClock() -> the time has been printed
09/09/2018 - 15:27:27 | INFO  | everis.com.view.ClockPrinter -> printBerlinClock() -> the time has been printed
09/09/2018 - 15:34:48 | INFO  | everis.com.view.ClockPrinter -> printBerlinClock() -> the time has been printed
09/09/2018 - 16:14:27 | INFO  | everis.com.view.ClockPrinter -> printBerlinClock() -> the time has been printed
09/09/2018 - 16:48:49 | INFO  | everis.com.view.ClockPrinter -> printBerlinClock() -> the time has been printed
09/09/2018 - 16:50:00 | INFO  | everis.com.view.ClockPrinter -> printBerlinClock() -> the time has been printed
09/09/2018 - 16:50:28 | INFO  | everis.com.view.ClockPrinter -> printBerlinClock() -> the time has been printed
09/09/2018 - 16:53:13 | INFO  | everis.com.view.ClockPrinter -> printBerlinClock() -> the time has been printed
09/09/2018 - 16:53:35 | INFO  | everis.com.view.ClockPrinter -> printBerlinClock() -> the time has been printed
09/09/2018 - 16:53:42 | INFO  | everis.com.view.ClockPrinter -> printBerlinClock() -> the time has been printed
09/09/2018 - 16:53:48 | INFO  | everis.com.view.ClockPrinter -> printBerlinClock() -> the time has been printed
09/09/2018 - 16:53:57 | INFO  | everis.com.view.ClockPrinter -> printBerlinClock() -> the time has been printed
09/09/2018 - 16:54:10 | INFO  | everis.com.view.ClockPrinter -> printBerlinClock() -> the time has been printed
09/09/2018 - 16:54:26 | INFO  | everis.com.view.ClockPrinter -> printBerlinClock() -> the time has been printed
09/09/2018 - 16:54:39 | INFO  | everis.com.view.ClockPrinter -> printBerlinClock() -> the time has been printed
09/09/2018 - 16:54:48 | INFO  | everis.com.view.ClockPrinter -> printBerlinClock() -> the time has been printed
09/09/2018 - 16:54:54 | INFO  | everis.com.view.ClockPrinter -> printBerlinClock() -> the time has been printed
09/09/2018 - 16:55:04 | INFO  | everis.com.view.ClockPrinter -> printBerlinClock() -> the time has been printed
09/09/2018 - 16:55:14 | INFO  | everis.com.view.ClockPrinter -> printBerlinClock() -> the time has been printed
09/09/2018 - 16:55:23 | INFO  | everis.com.view.ClockPrinter -> printBerlinClock() -> the time has been printed
09/09/2018 - 16:55:32 | INFO  | everis.com.view.ClockPrinter -> printBerlinClock() -> the time has been printed
09/09/2018 - 16:55:38 | INFO  | everis.com.view.ClockPrinter -> printBerlinClock() -> the time has been printed
09/09/2018 - 16:56:51 | INFO  | everis.com.view.ClockPrinter -> printBerlinClock() -> the time has been printed
09/09/2018 - 16:57:01 | INFO  | everis.com.view.ClockPrinter -> printBerlinClock() -> the time has been printed
09/09/2018 - 16:57:14 | INFO  | everis.com.view.ClockPrinter -> printBerlinClock() -> the time has been printed
09/09/2018 - 16:57:53 | INFO  | everis.com.view.ClockPrinter -> printBerlinClock() -> the time has been printed
09/09/2018 - 16:58:04 | INFO  | everis.com.view.ClockPrinter -> printBerlinClock() -> the time has been printed
09/09/2018 - 16:58:13 | INFO  | everis.com.view.ClockPrinter -> printBerlinClock() -> the time has been printed
09/09/2018 - 16:58:23 | INFO  | everis.com.view.ClockPrinter -> printBerlinClock() -> the time has been printed
09/09/2018 - 16:58:37 | INFO  | everis.com.view.ClockPrinter -> printBerlinClock() -> the time has been printed
09/09/2018 - 16:58:43 | INFO  | everis.com.view.ClockPrinter -> printBerlinClock() -> the time has been printed
09/09/2018 - 16:58:50 | INFO  | everis.com.view.ClockPrinter -> printBerlinClock() -> the time has been printed
09/09/2018 - 16:58:57 | INFO  | everis.com.view.ClockPrinter -> printBerlinClock() -> the time has been printed
09/09/2018 - 16:59:05 | INFO  | everis.com.view.ClockPrinter -> printBerlinClock() -> the time has been printed
09/09/2018 - 16:59:14 | INFO  | everis.com.view.ClockPrinter -> printBerlinClock() -> the time has been printed
09/09/2018 - 16:59:14 | INFO  | everis.com.view.ClockPrinter -> printBerlinClock() -> the time has been printed
09/09/2018 - 16:59:19 | INFO  | everis.com.view.ClockPrinter -> printBerlinClock() -> the time has been printed
09/09/2018 - 16:59:25 | INFO  | everis.com.view.ClockPrinter -> printBerlinClock() -> the time has been printed
09/09/2018 - 16:59:29 | INFO  | everis.com.view.ClockPrinter -> printBerlinClock() -> the time has been printed
09/09/2018 - 16:59:37 | INFO  | everis.com.view.ClockPrinter -> printBerlinClock() -> the time has been printed
09/09/2018 - 16:59:49 | INFO  | everis.com.view.ClockPrinter -> printBerlinClock() -> the time has been printed
09/09/2018 - 16:59:57 | INFO  | everis.com.view.ClockPrinter -> printBerlinClock() -> the time has been printed
09/09/2018 - 17:00:01 | INFO  | everis.com.view.ClockPrinter -> printBerlinClock() -> the time has been printed
09/09/2018 - 17:00:16 | INFO  | everis.com.view.ClockPrinter -> printBerlinClock() -> the time has been printed
09/09/2018 - 17:00:29 | INFO  | everis.com.view.ClockPrinter -> printBerlinClock() -> the time has been printed
09/09/2018 - 17:00:33 | INFO  | everis.com.view.ClockPrinter -> printBerlinClock() -> the time has been printed
09/09/2018 - 17:00:43 | INFO  | everis.com.view.ClockPrinter -> printBerlinClock() -> the time has been printed
09/09/2018 - 17:00:53 | INFO  | everis.com.view.ClockPrinter -> printBerlinClock() -> the time has been printed
09/09/2018 - 17:00:56 | INFO  | everis.com.view.ClockPrinter -> printBerlinClock() -> the time has been printed
09/09/2018 - 17:01:00 | INFO  | everis.com.view.ClockPrinter -> printBerlinClock() -> the time has been printed
09/09/2018 - 17:01:04 | INFO  | everis.com.view.ClockPrinter -> printBerlinClock() -> the time has been printed
09/09/2018 - 17:01:09 | INFO  | everis.com.view.ClockPrinter -> printBerlinClock() -> the time has been printed
09/09/2018 - 17:01:09 | INFO  | everis.com.view.ClockPrinter -> printBerlinClock() -> the time has been printed
09/09/2018 - 17:01:15 | INFO  | everis.com.view.ClockPrinter -> printBerlinClock() -> the time has been printed
09/09/2018 - 17:01:20 | INFO  | everis.com.view.ClockPrinter -> printBerlinClock() -> the time has been printed
09/09/2018 - 17:01:25 | INFO  | everis.com.view.ClockPrinter -> printBerlinClock() -> the time has been printed
09/09/2018 - 17:01:32 | INFO  | everis.com.view.ClockPrinter -> printBerlinClock() -> the time has been printed
09/09/2018 - 17:01:53 | INFO  | everis.com.view.ClockPrinter -> printBerlinClock() -> the time has been printed
09/09/2018 - 17:02:01 | INFO  | everis.com.view.ClockPrinter -> printBerlinClock() -> the time has been printed
09/09/2018 - 17:02:52 | INFO  | everis.com.view.ClockPrinter -> printBerlinClock() -> the time has been printed
09/09/2018 - 17:03:06 | INFO  | everis.com.view.ClockPrinter -> printBerlinClock() -> the time has been printed
09/09/2018 - 17:03:17 | INFO  | everis.com.view.ClockPrinter -> printBerlinClock() -> the time has been printed
09/09/2018 - 17:04:26 | INFO  | everis.com.view.ClockPrinter -> printBerlinClock() -> the time has been printed
09/09/2018 - 19:57:19 | FATAL | everis.com.controller.ClockController -> getTime() -> For input string: "hyhyhy"
09/09/2018 - 20:07:37 | FATAL | everis.com.controller.ClockController -> getTime() -> time format invalid
09/09/2018 - 20:08:05 | INFO  | everis.com.view.ClockPrinter -> printBerlinClock() -> the time has been printed
09/09/2018 - 20:08:23 | FATAL | everis.com.controller.ClockController -> getTime() -> time format invalid
09/09/2018 - 20:08:30 | FATAL | everis.com.controller.ClockController -> getTime() -> time format invalid
09/09/2018 - 21:20:57 | INFO  | everis.com.view.ClockPrinter -> printBerlinClock() -> the time has been printed
09/09/2018 - 23:51:06 | INFO  | everis.com.view.ClockPrinter -> printBerlinClock() -> the time has been printed
10/09/2018 - 00:15:51 | INFO  | everis.com.view.ClockPrinter -> printBerlinClock() -> the time has been printed
10/09/2018 - 00:24:09 | FATAL | everis.com.controller.ClockController -> getTime() -> time format invalid
10/09/2018 - 00:26:56 | INFO  | everis.com.view.ClockPrinter -> printBerlinClock() -> the time has been printed
10/09/2018 - 00:27:12 | INFO  | everis.com.view.ClockPrinter -> printBerlinClock() -> the time has been printed
10/09/2018 - 00:27:25 | INFO  | everis.com.view.ClockPrinter -> printBerlinClock() -> the time has been printed
10/09/2018 - 00:28:04 | INFO  | everis.com.view.ClockPrinter -> printBerlinClock() -> the time has been printed
10/09/2018 - 00:28:19 | FATAL | everis.com.controller.ClockController -> getTime() -> time format invalid
10/09/2018 - 00:28:49 | FATAL | everis.com.controller.ClockController -> getTime() -> time format invalid
10/09/2018 - 00:30:27 | FATAL | everis.com.controller.ClockController -> getTime() -> time format invalid
25/09/2018 - 00:26:44 | INFO  | everis.com.view.ClockPrinter -> printBerlinClock() -> the time has been printed
25/09/2018 - 00:26:50 | INFO  | everis.com.view.ClockPrinter -> printBerlinClock() -> the time has been printed
25/09/2018 - 00:26:54 | INFO  | everis.com.view.ClockPrinter -> printBerlinClock() -> the time has been printed
25/09/2018 - 00:27:00 | INFO  | everis.com.view.ClockPrinter -> printBerlinClock() -> the time has been printed
25/09/2018 - 00:28:12 | INFO  | everis.com.view.ClockPrinter -> printBerlinClock() -> the time has been printed
25/09/2018 - 00:30:38 | INFO  | everis.com.view.ClockPrinter -> printBerlinClock() -> the time has been printed
25/09/2018 - 00:30:56 | INFO  | everis.com.view.ClockPrinter -> printBerlinClock() -> the time has been printed
25/09/2018 - 00:31:22 | INFO  | everis.com.view.ClockPrinter -> printBerlinClock() -> the time has been printed
25/09/2018 - 00:31:55 | INFO  | everis.com.view.ClockPrinter -> printBerlinClock() -> the time has been printed
25/09/2018 - 00:33:08 | INFO  | everis.com.view.ClockPrinter -> printBerlinClock() -> the time has been printed
25/09/2018 - 00:37:04 | INFO  | everis.com.view.ClockPrinter -> printBerlinClock() -> the time has been printed
25/09/2018 - 00:37:05 | INFO  | everis.com.view.ClockPrinter -> printBerlinClock() -> the time has been printed
25/09/2018 - 00:37:07 | INFO  | everis.com.view.ClockPrinter -> printBerlinClock() -> the time has been printed
25/09/2018 - 00:37:08 | INFO  | everis.com.view.ClockPrinter -> printBerlinClock() -> the time has been printed
25/09/2018 - 00:37:16 | INFO  | everis.com.view.ClockPrinter -> printBerlinClock() -> the time has been printed
25/09/2018 - 00:37:20 | INFO  | everis.com.view.ClockPrinter -> printBerlinClock() -> the time has been printed
25/09/2018 - 00:37:43 | INFO  | everis.com.view.ClockPrinter -> printBerlinClock() -> the time has been printed
25/09/2018 - 00:41:26 | INFO  | everis.com.view.ClockPrinter -> printBerlinClock() -> the time has been printed
25/09/2018 - 00:43:34 | INFO  | everis.com.view.ClockPrinter -> printBerlinClock() -> the time has been printed
25/09/2018 - 00:43:36 | INFO  | everis.com.view.ClockPrinter -> printBerlinClock() -> the time has been printed
26/09/2018 - 00:23:19 | INFO  | everis.com.view.ClockPrinter -> printBerlinClock() -> the time has been printed
26/09/2018 - 00:24:05 | INFO  | everis.com.view.ClockPrinter -> printBerlinClock() -> the time has been printed
